Step: step-credential-initializer-xm5cb:

{"level":"warn","ts":1566469453.2684433,"logger":"fallback-logger","caller":"logging/config.go:69","msg":"Fetch GitHub commit ID from kodata failed: \"ref: refs/heads/master\" is not a valid GitHub commit ID"}
{"level":"info","ts":1566469453.269907,"logger":"fallback-logger","caller":"creds-init/main.go:40","msg":"Credentials initialized."}
Step: step-working-dir-initializer-qcl7m:

{"level":"warn","ts":1566469454.0883791,"logger":"fallback-logger","caller":"logging/config.go:69","msg":"Fetch GitHub commit ID from kodata failed: open /var/run/ko/HEAD: no such file or directory"}
{"level":"info","ts":1566469454.0901213,"logger":"fallback-logger","caller":"bash/main.go:65","msg":"Successfully executed command \"mkdir -p /workspace/source\""}
Step: step-place-tools:

Step: step-git-source-meta-********-environment-sword-cwdzt:

{"level":"warn","ts":1566469462.3002348,"logger":"fallback-logger","caller":"logging/config.go:69","msg":"Fetch GitHub commit ID from kodata failed: \"ref: refs/heads/master\" is not a valid GitHub commit ID"}
{"level":"info","ts":1566469463.5412235,"logger":"fallback-logger","caller":"git/git.go:102","msg":"Successfully cloned https://github.com/********/environment-swordpitch-production.git @ 34bc5dc3b2bcf69a0e2829adff3f7eac23753d61 in path /workspace/source"}
Step: step-git-merge:

{"level":"info","msg":"Using SHAs from PULL_REFS=master:34bc5dc3b2bcf69a0e2829adff3f7eac23753d61","time":"2019-08-22T10:24:23Z"}
{"level":"warning","msg":"no SHAs to merge, falling back to initial cloned commit","time":"2019-08-22T10:24:23Z"}
Step: step-merge-pull-refs:

SKIP merge-pull-refs: Nothing to merge
Step: step-create-effective-pipeline:

{"level":"info","msg":"Deleting and cloning the Jenkins X versions repo","time":"2019-08-22T10:24:24Z"}
{"level":"info","msg":"Cloning the Jenkins X versions repo https://github.com/jenkins-x/jenkins-x-versions.git with ref refs/heads/master to /builder/home/.**/jenkins-x-versions","time":"2019-08-22T10:24:24Z"}
{"level":"info","msg":"selected pack: /builder/home/.**/draft/packs/github.com/jenkins-x-buildpacks/jenkins-x-kubernetes/packs/environment","time":"2019-08-22T10:24:29Z"}
{"level":"info","msg":"Effective pipeline written to jenkins-x-promotion-effective.yml","time":"2019-08-22T10:24:34Z"}
Step: step-create-tekton-crds:

{"level":"info","msg":"running command: ** step next-version --use-git-tag-only --tag","time":"2019-08-22T10:24:35Z"}
{"level":"info","msg":"created new version: 0.0.1 and written to file: ./VERSION","time":"2019-08-22T10:24:37Z"}
{"level":"info","msg":"Tag v0.0.1 created and pushed to remote origin","time":"2019-08-22T10:24:41Z"}
{"level":"info","msg":"","time":"2019-08-22T10:24:41Z"}
{"level":"info","msg":"PipelineActivity for ********-environment-swordpitch-production-master-1","time":"2019-08-22T10:24:41Z"}
{"level":"info","msg":"Applying changes ","time":"2019-08-22T10:24:41Z"}
{"level":"info","msg":"upserted PipelineResource ********-environment-swordpitch for the git repository https://github.com/********/environment-swordpitch-production.git and branch master","time":"2019-08-22T10:24:41Z"}
{"level":"info","msg":"upserted Task ********-environment-swordpitch-n8k52-from-build-pack-1","time":"2019-08-22T10:24:41Z"}
{"level":"info","msg":"upserted Pipeline ********-environment-swordpitch-n8k52-1","time":"2019-08-22T10:24:41Z"}
{"level":"info","msg":"created PipelineRun ********-environment-swordpitch-n8k52-1","time":"2019-08-22T10:24:41Z"}
{"level":"info","msg":"created PipelineStructure ********-environment-swordpitch-n8k52-1","time":"2019-08-22T10:24:41Z"}
